<?xml version="1.0" encoding="UTF-8"?>
<testsuite xmlns:xsi="http://www.w3.org/2001/XMLSchema-instance" xsi:schemaLocation="https://maven.apache.org/surefire/maven-surefire-plugin/xsd/surefire-test-report.xsd" name="TestSuite" time="13.357" tests="2" errors="0" skipped="0" failures="0">
  <properties>
[...]
</properties>
  <testcase name="secondgroup" classname="com.dropdownpractice.DropdownPracticeTest" time="0.004"/>
  <testcase name="dynamicdopdown" classname="practice.com.ShoppingCart" time="0.755"/>
</testsuite>